<?xml version="1.0" encoding="UTF-8"?>
<!-- Generated by org.testng.reporters.JUnitReportReporter -->
<testsuite hostname="Lenovo" failures="0" tests="2" name="org.test.Log" time="55.974" errors="0" timestamp="2024-06-06T03:23:27 GMT-12:00" skipped="0">
  <testcase classname="org.test.Log" name="launch" time="21.946"/>
  <system-out/>
  <testcase classname="org.test.Log" name="launch" time="34.028"/>
  <system-out/>
</testsuite> <!-- org.test.Log -->
