<?xml version="1.0" encoding="UTF-8"?>
<!-- Generated by org.testng.reporters.JUnitReportReporter -->
<testsuite hostname="Lenovo" failures="0" tests="2" name="org.test.Log2" time="55.893" errors="0" timestamp="2024-06-06T03:23:27 GMT-12:00" skipped="0">
  <testcase classname="org.test.Log2" name="launch" time="29.094"/>
  <system-out/>
  <testcase classname="org.test.Log2" name="launch" time="26.799"/>
  <system-out/>
</testsuite> <!-- org.test.Log2 -->
